1 10 20
100 200 125
201 210 89
900 1000 174
1 1 1
2 2 2
100 250 128
650 10 145
230 5 125
3000 2000 217
129 248 128
554 1862 182
465 409 134
515 589 137
420 1158 179
723 998 179
624 333 142
322 1044 179
364 1498 182
86 1391 182
144 776 171
497 1332 182
162 1191 182
617 308 144
112 736 171
135 1124 179
730 1009 179
405 1114 179
485 1235 182
780 137 171
518 374 142
688 567 145
754 1864 182
445 888 179
63 491 144
710 1624 182
595 1565 182
217 1627 182
95 3 116
5264 852 238
4947 3716 215
110 4555 238
1919 4703 238
5908 5015 236
1938 8611 262
8399 560 262
2752 3664 217
7428 2051 262
2157 6083 238
6175 5483 262
5399 8620 262
4976 7200 262
4823 6792 262
4541 8336 262
8209 6771 257
5719 7340 262
1452 4839 238
1750 4717 238
2385 191 183
3643 893 217
4840 7061 262
810 2549 209
4473 6176 262
3688 7468 262
6726 2836 262
5697 577 238
412 6383 262
6620 5158 262
4591 8733 262
4503 5967 236
5588 184 238
3577 1759 217
229 1891 182
3810 6032 236
2669 7337 262
3510 1968 217
5337 612 238
5008 4789 210
4889 6455 262
5278 743 238
1353 1148 182
2530 3448 217
5061 6268 262
424 8221 262
6010 4154 236
4141 4088 189
8590 7566 252
5555 123 238
225 177 120
799 946 179
530 1215 182
401 639 142
50 973 179
331 1869 182
161 1112 179
435 1672 182
744 256 171
653 1881 182
184 1981 182
306 867 171
103 275 128
696 286 145
796 243 171
170 1545 182
134 1827 182
738 284 171
116 81 119
280 904 179
653 1711 182
140 356 144
782 192 171
340 1022 179
697 954 179
96 704 171
288 343 144
793 1031 179
92 91 93
313 171 131
793 1131 179
714 1466 182
70 1495 182
181 1665 182
436 1130 179
129 872 179
263 1668 182
463 1054 179
422 1207 182
292 1523 182
793 1971 182
295 1432 182
315 793 171
278 1838 182
780 1401 182
119 1316 182
261 1528 182
729 1712 182
311 546 144
188 1628 182
661 1427 182
210 1621 182
300 1390 182
259 1963 182
488 1090 179
675 311 145
580 1869 182
460 1165 182
384 1362 182
480 482 49
308 1110 179
219 12 125
780 1683 182
64 1145 179
620 953 179
70 1809 182
786 1762 182
189 1395 182
620 705 171
105 182 125
127 552 144
657 869 171
590 1599 182
429 475 129
528 986 179
548 483 142
45 531 144
569 1485 182
340 1205 182
148 1970 182
517 1369 182
1 590 144
35 602 144
726 1797 182
546 1446 182
