1 10 20
100 200 125
201 210 89
900 1000 174
1 1 1
472020 470784 307
322091 417584 449
249449 148311 443
427367 513208 470
431591 101865 449
407131 487983 449
187901 161883 365
92479 532390 470
445249 200897 449
568260 394367 470
243206 9027 443
492735 360634 449
367484 417933 449
504377 139503 449
188716 242819 443
557086 554516 390
391129 400804 405
484075 239071 449
619021 191205 470
27053 106921 354
469440 235883 449
55662 214688 383
553132 40274 470
25406 96337 351
49300 505461 449
144651 109062 375
639759 637385 354
469695 307242 449
471669 390423 449
120986 415325 449
22882 123197 354
263278 492321 449
359080 318939 441
7008 328563 443
359212 148765 443
541251 408511 470
517572 10336 470
39637 403618 443
433929 511305 444
94041 297025 443
588040 27282 470
17207 519290 470
468003 138192 449
234615 447795 449
294549 373848 441
166168 346423 443
293116 289527 340
477190 508867 426
618488 294762 470
114731 369483 443
585781 208771 470
409462 236759 441
238256 60428 443
434275 88248 449
623333 600442 447
551022 216449 470
168776 44610 383
553476 493432 470
357078 489030 449
274864 570039 470
96931 241370 443
460211 565687 470
341435 286024 389
346451 319701 441
97518 375322 443
201330 403837 443
317680 486457 449
448446 192624 449
548774 301921 470
102407 205851 383
207302 86665 383
94011 482165 449
73056 307294 443
172980 481321 449
235641 508128 449
477362 582091 470
127828 538911 470
523793 293036 470
443802 141474 449
370456 593056 470
163589 589214 470
215258 487243 449
92230 425621 449
385759 165285 443
32914 525645 470
114902 322245 443
423317 466894 444
130372 317031 443
155941 544502 470
443031 96085 449
137537 186832 383
353911 134408 443
364664 281841 441
579724 151471 470
291248 159665 443
40684 506505 449
232125 332665 407
530902 381390 470
274662 62155 443
529049 250357 470
