1 10 20
100 200 125
201 210 89
900 1000 174
10 1 20
200 100 125
210 201 89
1000 900 174
1 1 1
11 11 15
111 111 70
1111 1111 32
11111 11111 56
2 2 2
22 22 16
222 222 71
2222 2222 33
22222 22222 57
3 3 8
4 4 3
5 5 6
6 6 9
7 7 17
8 8 4
9 9 20
10 10 7
100 101 26
101 102 26
90169 97838 333
343069 342856 273
34872 46208 324
20866 27530 308
588429 585562 359
402927 400932 387
13235 34881 311
106513 30862 354
45520 61119 340
106602 7182 354
88981 43958 351
228998 229341 262
10665 109250 354
57125 104189 351
442405 447722 356
69692 76422 325
88436 42860 351
971624 969563 458
33871 97109 351
98927 34108 351
36720 106973 354
1274 68058 340
104138 83274 341
188312 188072 316
789937 789843 269
32765 45390 324
94391 751 351
43475 50297 314
343742 345622 304
555971 554973 390
54532 95866 351
60473 9974 340
108237 88637 354
734203 735528 380
374262 371315 348
23766 22269 282
349223 343724 441
61683 29157 340
57461 78679 351
766474 768268 468
19197 45056 324
37710 92501 351
67924 106461 354
80769 45051 351
105185 105553 310
70208 1608 340
63004 54479 335
186715 187984 347
493918 493335 395
83335 110074 354
180325 174905 347
21086 48662 324
52876 23587 340
495222 496316 320
93920 73572 351
469375 471107 338
8516 59220 340
195818 201530 342
21717 106886 354
219618 214903 386
28406 62710 340
172510 178214 347
804511 805754 375
127007 115086 349
29320 61169 340
603439 598706 403
43570 52923 340
39541 87616 351
110297 107234 310
79026 15879 351
95462 73345 351
213211 221894 386
674417 680129 385
76814 33970 340
93276 55267 351
6362 3816 262
86263 18725 351
111625 37304 354
618517 615421 372
48158 17843 324
525255 526290 408
26326 36678 324
475038 470864 382
835940 837134 344
40930 16316 324
67452 12251 340
70581 85134 351
554231 555976 390
42896 90368 351
533810 533629 258
180349 177055 347
119443 121488 318
74749 95373 351
86779 60736 351
4799 50587 324
328098 330395 353
70336 106061 351
513373 511507 470
80744 27756 351
44383 59334 340
101812 44761 351
949808 949489 352
55531 107415 354
13300 49284 324
55161 6492 340
29507 3608 308
56912 2831 340
87836 34641 351
42548 52328 314
19684 104110 351
46640 84026 351
63010 15750 340
521831 522783 333
661902 659111 354
23071 165 279
110247 33206 354
504728 504356 258
129981 128342 331
71768 66460 325
87398 29112 351
42158 55707 340
140301 148827 375
109218 95080 354
27957 26099 308
604414 593543 403
19142 111702 354
393750 397613 405
26545 108282 354
93054 48891 351
25410 104766 351
77247 99147 338
49090 83527 351
78364 8611 351
734039 733894 349
45334 27551 324
266149 259233 407
289848 290217 252
97811 57486 351
110979 20754 354
758864 758137 362
90721 61828 351
31494 28199 285
83241 99197 333
90923 15188 351
41591 72406 340
64077 63567 255
75076 57626 335
27506 9151 308
441428 445959 356
87810 91231 333
20073 1565 279
986707 990721 396
187042 186440 347
108033 49147 354
81994 53788 351
89000 104014 341
11173 96437 351
55267 24000 340
263199 261117 407
27670 29045 259
308324 306155 371
77254 91650 338
768682 766765 468
28668 3435 308
385450 382707 348
33112 23660 308
61469 67164 330
10397 14440 276
29063 61822 340
57916 21403 340
