1 10 20
100 200 125
201 210 89
900 1000 174
1 1 1
207 207 89
499999 499999 258
888888 888888 119
999999 999999 259
548986 548986 178
641848 641848 217
64255 64255 299
504435 504435 121
239979 239979 107
136570 136570 176
540318 540318 116
345563 345563 74
85593 85593 196
368597 368597 118
925377 925377 202
289311 289311 128
482675 482675 69
665299 665299 124
37438 37438 86
713206 713206 274
108801 108801 124
611364 611364 204
182690 182690 117
138076 138076 31
526109 547482 452
844041 869109 419
418390 431741 418
354607 434327 449
159848 254917 443
70095 71182 312
365435 452050 449
418515 478932 444
219068 287468 443
714531 795763 468
726679 744327 424
318600 326243 384
192257 208472 373
363563 424199 449
185554 280917 443
749180 839207 525
25808 42959 324
768431 811756 468
668998 761614 504
810368 848957 525
320403 380559 441
130359 198779 383
573343 579584 390
464135 518719 470
7337 86105 351
59760 107727 354
327899 341431 366
792900 853410 525
757759 844162 525
712071 723545 411
6315 96378 351
255695 286809 407
195735 218592 386
614539 650666 509
159695 205643 370
377792 402929 436
606436 676325 509
781134 803406 468
252509 265033 407
801106 873526 525
721132 731326 411
361573 397166 436
194747 201713 360
308609 399947 441
520836 577939 452
858787 892523 445
399904 452854 449
797644 885812 525
811671 864136 525
839297 919464 476
397396 333735 441
416793 354211 449
186332 139129 383
821115 804550 450
461422 397460 449
592469 525586 452
811893 718278 468
165789 132982 383
542715 474577 470
851987 765887 525
406005 392912 405
68182 3386 340
142193 50279 354
444618 425358 400
444741 391947 449
50275 42639 314
248692 158923 443
239611 188193 443
897697 873562 445
212942 114154 383
556948 548858 421
782708 735633 468
150414 107271 375
445065 439929 356
160140 69725 383
370962 331540 441
54748 53158 322
332469 308230 384
238755 237508 319
546042 485431 470
442953 397527 449
439263 361076 449
681260 606572 509
257919 188996 443
470561 418851 444
150047 55266 375
666343 573947 509
171358 103931 383
362998 277404 441
694617 627621 442
513184 451200 470
146977 68345 375
855210 851327 419
676990 641199 442
848365 816693 525
436064 336181 449
358667 278610 441
799050 792780 468
228659 146815 386
684573 620128 509
