252147 628043 509
691380 994245 525
195251 624593 470
478278 904569 525
111795 213984 383
7113 693530 509
762390 492148 509
978610 316931 525
102623 732127 509
916412 697631 525
102758 371967 443
827312 982993 525
106797 162362 383
778802 301432 509
20039 484341 449
860217 272186 525
628735 551597 509
782782 340337 509
692541 777411 504
244905 804335 509
507746 252017 449
497864 270135 449
260517 992825 525
103418 879491 525
724952 536181 509
577121 344061 470
908148 920784 476
327053 531296 470
83145 622207 470
832727 619536 509
622899 692944 509
408073 251633 441
244540 707206 509
591969 937080 525
484616 353226 449
257767 992361 525
605242 271982 470
778847 382110 509
781159 398616 509
261601 506110 449
934797 355073 525
850170 842944 419
275857 693575 509
374239 875353 525
832133 723318 468
494888 455031 444
416261 419312 387
706663 177152 509
126517 814983 509
630583 611132 509
168208 888349 525
119844 289802 443
676683 898691 525
671911 457841 509
297306 449863 449
480302 748454 509
804936 846823 525
591397 80792 470
540397 481988 470
956144 372529 525
205305 967384 525
827559 137917 509
386695 50573 443
315068 29564 443
865556 945650 507
157047 550115 470
350351 276891 441
839916 27033 525
691933 28179 509
484873 989238 525
994393 965174 458
254044 799328 509
811996 361792 509
880119 868745 432
843779 352615 525
757625 565435 509
836350 101536 509
703351 223044 509
152108 534770 470
768959 534015 509
996772 926006 507
84130 347122 443
719248 440397 509
890506 411180 525
984927 891730 507
916769 979320 507
856903 170812 525
778647 185250 509
532604 175118 470
570346 892734 525
44084 327971 443
458169 880433 525
945858 677871 525
619828 97965 470
728993 388787 509
148332 725764 509
314792 232461 407
589237 34039 470
189209 996094 525
445218 174136 449
887823 361986 525
153455 261077 443
49150 448453 449
446326 581753 470
139922 533024 470
474486 184005 449
377346 449006 449
64437 323203 443
643229 684265 442
421167 888573 525
73051 569498 470
130688 904194 525
318310 719924 509
454584 23871 449
232369 416153 449
198006 120191 383
294490 867812 525
381267 343639 441
832616 343944 509
925391 972538 507
876967 916229 476
156542 254312 443
881586 737331 525
577514 41166 470
937947 515033 525
929738 10997 525
600882 60425 470
431542 435544 387
296700 886125 525
459414 529068 470
302277 173771 443
649258 596766 509
41582 546876 470
456757 874197 525
890820 898499 370
363086 767786 509
814727 35980 509
538450 212665 470
773310 632315 504
253830 711256 509
147347 699920 509
238604 264581 407
276696 186497 443
216476 573396 470
72621 675889 509
618815 891249 525
849659 268073 525
4366 407592 443
814948 461122 509
798140 222119 509
359621 161226 443
989905 690699 525
197205 528354 470
419715 486866 444
160668 189897 365
714473 824367 468
889816 469428 525
605299 166511 470
655924 821774 504
256258 244896 363
14014 875073 525
136144 863672 525
659497 656861 398
787615 990796 525
117983 585754 470
212915 993955 525
263331 202819 443
201005 976887 525
247524 620720 470
980104 924543 507
810616 694576 504
748909 216783 509
164003 870559 525
899645 336278 525
692332 155903 509
581173 706345 509
547327 717316 509
86368 206823 383
374177 873982 525
197618 8511 383
976088 410532 525
518817 755770 509
129702 719821 509
249009 377225 441
856892 229112 525
301768 183859 443
440040 567028 470
400641 120394 443
437587 816638 509
456672 646270 509
972540 37844 525
352615 519866 470
271512 955334 525
243040 162040 443
829316 440657 509
170550 321755 443
367541 689366 509
77524 497242 449
925538 326532 525
390819 782430 509
