16808 25250 282
74 43659 324
8931 11273 268
879 27545 308
27924 37710 324
14441 38166 324
34493 43043 324
7988 22504 279
31730 32328 254
28841 42613 324
33170 44304 324
17710 47158 324
20934 29561 308
30279 43100 324
1817 45336 324
7827 49098 324
13513 29268 308
23811 27634 308
29150 30980 272
8822 36580 324
10673 11968 268
1394 19337 279
25486 41746 324
25229 44092 324
36358 40195 306
20001 21153 256
11708 12944 263
11490 15668 276
17196 18124 279
14530 20903 279
12722 14666 276
13549 18024 279
12801 16853 276
20977 22408 269
13228 14933 276
10298 23981 282
13013 18635 279
18865 19814 274
14536 24063 282
19425 21669 274
10094 24115 282
11501 20629 279
11517 24195 282
10105 10404 242
24298 24451 202
17188 21123 279
11882 14505 276
11752 16566 276
15337 21716 279
13144 24438 282
344897 351501 441
283871 455828 449
361137 369358 361
403177 482397 449
472294 477904 382
371609 446231 449
344175 459745 449
266298 353635 441
348142 380399 423
327968 340412 366
400260 423557 449
438008 441594 400
325968 466395 449
369113 454530 449
410962 471006 444
285365 297942 389
342082 429852 449
280767 383821 441
324712 435695 449
359901 473671 449
474831 498590 426
314738 403057 441
319790 381616 441
305640 360679 441
327006 437335 449
686098 747972 504
649095 725319 504
583454 595223 434
556760 612289 434
586126 698905 509
629506 736123 504
545813 726770 509
579094 685238 509
646220 737844 504
640534 712366 504
665394 725226 504
568738 691363 509
559590 607844 434
645159 686550 442
514947 558623 452
557217 597385 434
505539 695272 509
649247 742385 504
644885 663496 429
640623 682420 442
528144 531968 377
585735 699915 509
661625 663534 292
546011 546042 209
524152 704679 509
825244 977295 525
840396 878818 432
801815 837692 450
862991 990033 507
869397 872669 432
910547 989553 507
871210 975825 507
830211 979662 525
773377 783808 437
750625 822761 468
901868 987335 507
752776 977995 525
812767 997439 525
829874 939331 525
790556 956301 525
800560 968872 525
870094 918984 476
863755 889789 445
828015 851407 525
780193 972769 525
765680 803455 468
766855 767506 318
920963 983502 507
836676 863108 525
852331 963249 507
