1 10 20
100 200 125
201 210 89
900 1000 174
10 1 20
200 100 125
210 201 89
1000 900 174
1 100 119
350 720 171
1000 10000 262
10000 100001 351
5 100000 351
100001 11 351
10010 999999 525
999999 10010 525
2507 4003 238
3508 509 217
4743 6754 262
7809 5034 262
9999 10000 92
3029 14312 276
76123 87143 351
8708 678963 509
61735 987095 525
999998 999999 259
17492 870431 525
38174 49082 314
2 874012 525
67482 87012 351
1023 4873 238
870234 489712 525
10 11 15
1 2 2
2 3 8
4 5 6
6 7 17
8 9 20
10 11 15
2 12 20
78 200 125
23 3 21
5 809 171
7832 47 262
412 487 142
8972 2349 262
89729 89980 302
6754 6273 244
7682 8724 252
67862 79237 351
48972 87543 351
87492 47643 351
89712 76543 351
123 897 179
987 8742 262
8964 59843 340
8712 4854 262
8973 7851 252
64342 87412 351
81432 41273 351
41786 4172 324
8754 14721 276
7612 4178 262
1234 6743 262
1234 5678 238
7651 4123 262
4876 4874 135
9871 7678 260
1223 8743 262
6879 5678 262
7860 9878 260
8708 8970 247
87078 89708 333
87072 674022 509
8676 8792 216
7642 88970 351
87102 49872 351
98741 87053 333
897812 42141 525
412412 412412 175
81270 876758 525
62 78 116
768 987 179
56 80 116
81 1 116
42 100 119
100 1000 179
1000 2000 182
3000 4000 238
1500 4500 238
4000 60000 340
2 1000 179
3 10000 262
4 100000 351
1000 999999 525
99 9999 262
9999 1000 262
1 9999 262
999 1001 143
1001 1999 182
2 200 125
10000 20000 279
20000 30000 308
30000 40000 324
30000 70000 340
29999 79999 351
999 79999 351
20000 10000 279
30000 20000 308
30000 40000 324
30000 70000 340
29999 79999 351
100000 200000 383
200000 300000 443
300000 400000 441
300000 799999 509
200000 100000 383
300000 200000 443
400000 200000 443
799999 300000 509
