593810 593810 98
382446 934232 525
70649 70649 175
919840 967846 507
27628 968418 525
560443 880124 525
415881 415881 206
296882 452485 449
39936 39936 45
528558 528558 103
102217 102217 160
36003 188822 383
487318 487318 139
445850 445850 95
329174 329174 185
128896 128896 101
851148 911569 476
108646 108646 41
410314 682628 509
80274 611240 470
428114 428114 157
38783 38783 81
228162 228162 156
464860 464860 170
94469 94469 116
174415 174415 135
30244 30244 86
173930 811999 509
355819 355819 97
20492 20492 150
403944 403944 113
286048 372254 441
191870 191870 223
42390 85139 351
734445 901144 525
392873 395859 405
774505 774505 101
572525 714830 509
190335 668267 509
306118 725915 509
259404 367758 441
235977 235977 107
360302 360302 198
145622 145622 189
399357 399357 92
458084 900386 525
568369 775396 509
625903 625903 111
367940 529501 470
329211 577202 470
736166 736166 287
538421 538421 72
560941 609622 434
44629 44629 133
324368 324368 40
460403 654932 509
403514 672914 509
64144 64144 162
357828 357828 74
695960 695960 168
471456 759650 509
255708 735800 509
237621 237621 138
111803 151633 375
61611 61611 136
154659 154659 78
503535 503535 152
270751 910180 525
479431 479431 214
173494 178649 347
377964 515563 470
208398 482422 449
429162 429162 51
442475 465925 444
90214 90214 64
477216 998332 525
661683 661683 124
732300 886734 525
382684 782334 509
362663 362663 123
317576 317576 79
694181 694181 106
755721 902379 525
9429 326643 443
409493 409493 206
274 11215 268
205136 205136 68
109131 109131 67
208235 746983 509
773380 913233 525
498515 498515 77
105718 822852 509
633020 633020 310
538651 590215 452
574511 786784 509
264102 370604 441
663539 932079 525
63788 63788 56
411707 411707 219
110108 110108 155
611592 611592 204
652657 652657 93
564992 769057 509
102267 594601 470
140819 140819 158
525320 537355 408
77466 617306 470
23482 23482 145
184931 506339 449
243098 550294 470
260422 260422 164
71386 71386 74
53495 568525 470
349665 764384 509
45617 45617 58
420892 855184 525
678691 678691 137
271860 271860 89
342957 792340 509
382312 551355 470
551758 994451 525
383201 383201 162
251769 391585 441
507210 507210 121
221121 221121 68
796359 796359 163
529145 529145 152
553776 553776 59
224425 545608 470
600053 600053 310
403710 661576 509
206796 206796 81
86180 397292 443
240880 863803 525
139043 139043 83
146712 146712 158
35355 35355 125
627452 627452 111
748417 893752 525
548197 979425 525
229042 953595 525
265194 265194 71
93008 782576 509
781442 865315 525
82510 82510 90
694208 694208 75
504999 504999 227
432499 782474 509
480386 480386 183
218883 779451 509
