196292 196465 236
858043 858854 282
60719 60946 242
67372 68273 312
164793 164832 308
168372 168505 228
761034 761438 300
221207 221516 355
146353 146493 202
695315 696213 336
28720 29486 272
499882 500268 320
18800 19684 274
44296 44955 270
986218 986710 290
743114 743532 318
839341 839539 251
620402 620825 372
899351 899711 251
414840 415279 312
823584 823833 375
254888 255380 363
305667 305765 203
760276 760963 380
743139 743926 318
174747 175179 303
235666 235828 231
145640 146349 295
721689 722508 411
848929 849728 313
391161 391864 330
493537 493748 395
847626 848319 326
570061 570558 377
15667 15784 178
800333 800668 282
301064 301995 296
302423 303351 340
17950 18377 248
391567 391854 268
477314 477803 382
93602 94081 253
449342 450298 369
131364 131675 269
334610 335363 322
637534 638065 354
712455 712604 287
322559 323290 322
797986 798552 300
988802 989105 321
304046 304402 278
722271 722835 411
706361 707162 274
212783 213147 311
431762 432018 343
941668 941748 308
394820 395762 312
644264 644673 248
26378 26659 308
467811 468568 382
433859 434409 338
413069 413614 268
98554 98829 266
155260 155279 202
217754 217849 249
65161 65363 224
944917 945764 352
23298 23357 220
364976 365650 361
364386 364820 286
774345 774881 331
703324 703407 349
141062 141219 282
727112 727351 318
477384 477691 382
678124 679110 380
4450 4643 184
640763 641466 354
615400 615867 310
253266 253297 257
187831 187859 223
123953 124085 318
735994 736135 287
538660 538889 333
250398 250609 288
706417 707095 274
571672 572655 372
731021 731244 318
625333 625379 173
71357 72304 250
722624 723450 380
755376 756320 362
662281 662351 248
889005 889749 370
664807 665491 442
16359 16480 266
792190 792245 194
988325 989178 321
677906 678542 336
724226 724761 362
843839 844608 357
35215 35796 324
358896 359569 317
777657 778138 269
605563 606118 310
938014 938261 445
259193 259202 195
420185 420901 343
950817 950874 202
760712 761348 300
989574 989716 352
223075 223776 324
668033 668743 323
874820 875709 432
472283 472393 245
565891 566577 284
774462 775167 437
416589 417190 343
551610 552517 315
277437 277476 283
994085 994441 365
856585 857312 295
972248 973030 321
348188 348685 335
606296 607178 310
777582 778027 269
139012 139529 313
820403 820543 238
634094 634326 310
346368 346841 348
187987 188428 316
784374 784709 313
514372 515035 364
919477 920328 432
658155 658530 354
384092 384888 330
980017 980279 246
362229 362286 242
433711 433722 250
990937 991214 290
685633 685937 261
925795 926481 326
553072 554057 346
805209 805396 331
109262 109712 292
707658 708525 349
859832 860085 233
591150 591186 222
922741 923138 383
942656 942993 233
982383 982982 383
509268 509656 289
659062 659942 354
240337 240884 368
231341 231796 324
94588 94885 315
711457 712361 349
286986 287235 283
464858 465828 369
835875 836666 313
982379 982866 383
169752 170664 290
223100 223741 324
231335 232062 324
852469 853265 357
651726 652122 323
147648 147995 233
571170 571577 359
739667 740476 393
418564 419060 281
460990 461345 444
459461 459908 307
861564 861674 282
411790 412607 312
341934 342134 335
60719 60991 335
390871 391196 361
5469 5981 236
998249 998848 277
943756 944364 352
943023 943707 339
793982 794803 331
762405 762477 243
527879 528247 302
122314 122414 212
879666 880004 344
991840 992452 321
524633 525242 364
616770 617132 310
135327 135837 313
429799 430006 232
535396 535851 302
358034 359022 379
583968 584944 372
805069 805417 331
933383 934277 370
131331 131781 269
490447 490803 320
243586 244179 337
