1 10 20
100 200 125
201 210 89
900 1000 174
1 1 1
2 6 9
6 2 9
999999 999999 259
80 90 111
27 27 112
28 30 19
1 999999 525
833059 980916 525
292379 313425 384
237355 701517 509
976092 315300 525
857356 226607 525
956043 141882 525
586608 657987 509
290292 999260 525
721281 436340 509
109872 250551 443
469128 66303 449
462108 129302 449
647645 254018 509
748962 761325 424
812714 883269 525
764376 85680 509
1848 168248 383
128003 466155 449
785340 458851 509
294148 26487 443
907226 820959 525
500497 893108 525
439686 752710 509
248346 516472 470
36675 30417 324
748287 228241 509
974428 600372 525
219286 563431 470
525566 766672 509
594412 46294 470
119240 892572 525
349666 415233 449
958686 747300 525
30686 272016 443
756895 691720 504
970002 308805 525
272562 229348 443
649248 606489 509
448611 868463 525
185486 500801 449
844736 971472 507
627137 10170 509
216169 739575 509
845474 672880 525
767496 159470 509
369230 537847 470
159562 690241 509
179946 588265 470
59083 86057 351
54826 44126 340
81334 12331 351
11665 47960 324
44216 89027 351
20342 32414 308
34345 67774 340
78968 65284 351
29308 93359 351
95584 18322 351
71688 34308 340
22708 7518 279
84916 73569 351
33410 6067 308
30227 32251 285
99363 84278 333
92352 288 351
95205 27529 351
54685 23417 340
32814 25233 308
36847 64269 340
20849 68334 340
42048 81998 351
33837 52038 324
53628 66745 335
14182 41067 324
64338 72246 325
17208 39345 324
98894 75045 351
18789 24369 282
8877 1642 262
8933 2203 262
7127 9649 260
8235 2908 262
5939 2712 238
8757 5147 262
7627 3157 262
9458 6111 262
19 5737 238
9645 4623 262
1867 7477 262
6807 6748 182
1016 9990 262
3041 2284 217
7528 4706 262
2501 2033 209
7457 3351 262
9113 8707 247
619 4080 238
4002 4383 215
964 2144 182
5567 3203 238
9146 157 262
9389 455 262
6829 5278 262
490 1283 182
540 8000 262
5844 1887 238
9674 9301 198
1545 2083 180
56499 60219 317
22906 17427 279
94349 97450 328
87595 24612 351
52348 12470 324
33329 68418 340
24237 13485 282
37950 47384 314
22305 95299 351
85677 98628 333
98462 26369 351
20340 68989 340
95040 23039 351
25462 44930 324
84658 16466 351
24722 83196 351
79517 14329 351
76796 99108 351
60992 89414 351
59163 39726 340
79543 99091 333
25517 77645 351
42647 66558 340
72957 86526 351
95402 82519 333
65032 42810 340
48596 27453 324
50458 28091 324
73868 78054 351
96592 90288 333
